c:\users\al\source\repos\pac1\pac1\debug\vc142.pdb
c:\users\al\source\repos\pac1\pac1\debug\vc142.idb
c:\users\al\source\repos\pac1\pac1\debug\source.obj
d:\git\pukman\pac1\debug\vc142.pdb
d:\git\pukman\pac1\debug\vc142.idb
d:\git\pukman\pac1\debug\source.obj
c:\users\al\source\repos\pac1\debug\pac1.exe
c:\users\al\source\repos\pac1\debug\pac1.ilk
c:\users\al\source\repos\pac1\debug\pac1.pdb
d:\git\pukman\debug\pac1.ilk
d:\git\pukman\debug\pac1.exe
d:\git\pukman\debug\pac1.pdb
d:\git\pukman\pac1\debug\nativecodeanalysis.read.1.tlog
d:\git\pukman\pac1\debug\source.nativecodeanalysis.xml
d:\git\pukman\pac1\debug\vc.nativecodeanalysis.all.xml
d:\git\pukman\pac1\debug\pac1.tlog\cl.command.1.tlog
d:\git\pukman\pac1\debug\pac1.tlog\cl.read.1.tlog
d:\git\pukman\pac1\debug\pac1.tlog\cl.write.1.tlog
d:\git\pukman\pac1\debug\pac1.tlog\link.command.1.tlog
d:\git\pukman\pac1\debug\pac1.tlog\link.read.1.tlog
d:\git\pukman\pac1\debug\pac1.tlog\link.write.1.tlog
